<?xml version="1.0" encoding="UTF-8"?>
<!-- Generated by org.testng.reporters.JUnitXMLReporter -->
<testsuite ignored="0" hostname="Raju_Achari" failures="0" tests="4" name="Default test" time="44.752" errors="0" timestamp="2023-02-10T17:57:11 IST">
  <testcase classname="employeeAddPhotograph.EmpPimPhotegraph" name="loginPage" time="6.865"/>
  <testcase classname="employeeAddPhotograph.EmpPimPhotegraph" name="pim" time="4.347"/>
  <testcase classname="employeeAddPhotograph.EmpPimPhotegraph" name="addEmployee" time="5.846"/>
  <testcase classname="employeeAddPhotograph.EmpPimPhotegraph" name="enterAddemployeeList" time="16.725"/>
</testsuite> <!-- Default test -->
