<?xml version="1.0" encoding="UTF-8"?>
<testng-results ignored="0" total="4" passed="4" failed="0" skipped="0">
  <reporter-output>
  </reporter-output>
  <suite started-at="2023-02-10T17:56:26 IST" name="Default suite" finished-at="2023-02-10T17:57:11 IST" duration-ms="44752">
    <groups>
    </groups>
    <test started-at="2023-02-10T17:56:26 IST" name="Default test" finished-at="2023-02-10T17:57:11 IST" duration-ms="44752">
      <class name="employeeAddPhotograph.EmpPimPhotegraph">
        <test-method is-config="true" signature="launch()[pri:0, instance:employeeAddPhotograph.EmpPimPhotegraph@23e84203]" started-at="2023-02-10T17:56:26 IST" name="launch" finished-at="2023-02-10T17:56:37 IST" duration-ms="10869" status="PASS">
          <reporter-output>
          </reporter-output>
        </test-method> <!-- launch -->
        <test-method signature="loginPage()[pri:1, instance:employeeAddPhotograph.EmpPimPhotegraph@23e84203]" started-at="2023-02-10T17:56:37 IST" name="loginPage" finished-at="2023-02-10T17:56:44 IST" duration-ms="6865" status="PASS">
          <reporter-output>
          </reporter-output>
        </test-method> <!-- loginPage -->
        <test-method signature="pim()[pri:2, instance:employeeAddPhotograph.EmpPimPhotegraph@23e84203]" started-at="2023-02-10T17:56:44 IST" name="pim" finished-at="2023-02-10T17:56:48 IST" duration-ms="4347" status="PASS">
          <reporter-output>
          </reporter-output>
        </test-method> <!-- pim -->
        <test-method signature="addEmployee()[pri:3, instance:employeeAddPhotograph.EmpPimPhotegraph@23e84203]" started-at="2023-02-10T17:56:48 IST" name="addEmployee" finished-at="2023-02-10T17:56:54 IST" duration-ms="5846" status="PASS">
          <reporter-output>
          </reporter-output>
        </test-method> <!-- addEmployee -->
        <test-method signature="enterAddemployeeList()[pri:4, instance:employeeAddPhotograph.EmpPimPhotegraph@23e84203]" started-at="2023-02-10T17:56:54 IST" name="enterAddemployeeList" finished-at="2023-02-10T17:57:10 IST" duration-ms="16725" status="PASS">
          <reporter-output>
          </reporter-output>
        </test-method> <!-- enterAddemployeeList -->
      </class> <!-- employeeAddPhotograph.EmpPimPhotegraph -->
    </test> <!-- Default test -->
  </suite> <!-- Default suite -->
</testng-results>
